<?xml version="1.0" encoding="UTF-8"?>
<!-- Generated by org.testng.reporters.JUnitReportReporter -->
<testsuite hostname="pallavi-PC" name="TestNG.P3" tests="1" failures="0" timestamp="24 Jul 2019 13:09:31 GMT" time="66.010" errors="0">
  <testcase name="fblogin" time="66.010" classname="TestNG.P3"/>
</testsuite> <!-- TestNG.P3 -->
