<?xml version="1.0" encoding="UTF-8"?>
<!-- Generated by org.testng.reporters.JUnitReportReporter -->
<testsuite hostname="pallavi-PC" name="TestNG.P5" tests="1" failures="0" timestamp="24 Jul 2019 14:05:38 GMT" time="110.633" errors="0">
  <testcase name="fblogin" time="110.633" classname="TestNG.P5"/>
</testsuite> <!-- TestNG.P5 -->
