<?xml version="1.0" encoding="UTF-8"?>
<!-- Generated by org.testng.reporters.JUnitReportReporter -->
<testsuite hostname="pallavi-PC" name="TestNG.P2" tests="2" failures="0" timestamp="23 Jul 2019 14:05:20 GMT" time="90.426" errors="0">
  <testcase name="acti" time="27.436" classname="TestNG.P2"/>
  <testcase name="fblogin" time="62.990" classname="TestNG.P2"/>
</testsuite> <!-- TestNG.P2 -->
