<?xml version="1.0" encoding="UTF-8"?>
<!-- Generated by org.testng.reporters.JUnitReportReporter -->
<testsuite hostname="pallavi-PC" name="TestNG.P8" tests="3" failures="0" timestamp="25 Jul 2019 07:31:11 GMT" time="0.025" errors="0">
  <testcase name="amethod2" time="0.023" classname="TestNG.P8"/>
  <testcase name="bmethod1" time="0.001" classname="TestNG.P8"/>
  <testcase name="cmethod3" time="0.001" classname="TestNG.P8"/>
</testsuite> <!-- TestNG.P8 -->
