<?xml version="1.0" encoding="UTF-8"?>
<!-- Generated by org.testng.reporters.JUnitReportReporter -->
<testsuite hostname="pallavi-PC" name="TestNG.P6" tests="1" failures="0" timestamp="24 Jul 2019 14:08:53 GMT" time="88.934" errors="0">
  <testcase name="fblogin" time="88.934" classname="TestNG.P6"/>
</testsuite> <!-- TestNG.P6 -->
