<?xml version="1.0" encoding="UTF-8"?>
<!-- Generated by org.testng.reporters.JUnitReportReporter -->
<testsuite hostname="pallavi-PC" name="TestNG.P9" tests="3" failures="0" timestamp="25 Jul 2019 07:57:29 GMT" time="0.027" errors="0">
  <testcase name="users" time="0.002" classname="TestNG.P9"/>
  <testcase name="home" time="0.001" classname="TestNG.P9"/>
  <testcase name="loginscript" time="0.024" classname="TestNG.P9"/>
</testsuite> <!-- TestNG.P9 -->
