<?xml version="1.0" encoding="UTF-8"?>
<!-- Generated by org.testng.reporters.JUnitReportReporter -->
<testsuite hostname="pallavi-PC" name="TestNG.P1" tests="1" failures="0" timestamp="23 Jul 2019 13:08:55 GMT" time="0.013" errors="0">
  <testcase name="test" time="0.013" classname="TestNG.P1"/>
</testsuite> <!-- TestNG.P1 -->
