<?xml version="1.0" encoding="UTF-8"?>
<!-- Generated by org.testng.reporters.JUnitReportReporter -->
<testsuite hostname="pallavi-PC" name="TestNG.P14" tests="4" failures="0" timestamp="26 Jul 2019 16:46:08 GMT" time="0.026" errors="0">
  <testcase name="Reports" time="0.022" classname="TestNG.P14"/>
  <testcase name="home" time="0.001" classname="TestNG.P14"/>
  <testcase name="loginscript" time="0.002" classname="TestNG.P14"/>
  <testcase name="users" time="0.001" classname="TestNG.P14"/>
</testsuite> <!-- TestNG.P14 -->
