<?xml version="1.0" encoding="UTF-8"?>
<!-- Generated by org.testng.reporters.JUnitReportReporter -->
<testsuite hostname="pallavi-PC" name="TestNG.P7" tests="1" failures="0" timestamp="24 Jul 2019 14:08:53 GMT" time="33.901" errors="0">
  <testcase name="acti" time="33.901" classname="TestNG.P7"/>
</testsuite> <!-- TestNG.P7 -->
