<?xml version="1.0" encoding="UTF-8"?>
<!-- Generated by org.testng.reporters.JUnitReportReporter -->
<testsuite hostname="pallavi-PC" name="TestNG.P4" tests="1" failures="0" timestamp="24 Jul 2019 14:05:38 GMT" time="22.154" errors="0">
  <testcase name="acti" time="22.154" classname="TestNG.P4"/>
</testsuite> <!-- TestNG.P4 -->
