<?xml version="1.0" encoding="UTF-8"?>
<!-- Generated by org.testng.reporters.JUnitReportReporter -->
<testsuite hostname="pallavi-PC" name="TestNG.P8$p8" tests="3" failures="0" timestamp="24 Jul 2019 14:53:40 GMT" time="0.034" errors="0">
  <testcase name="cmethod3" time="0.003" classname="TestNG.P8$p8"/>
  <testcase name="bmethod1" time="0.002" classname="TestNG.P8$p8"/>
  <testcase name="amethod2" time="0.029" classname="TestNG.P8$p8"/>
</testsuite> <!-- TestNG.P8$p8 -->
