<?xml version="1.0" encoding="UTF-8"?>
<!-- Generated by org.testng.reporters.JUnitReportReporter -->
<testsuite hostname="pallavi-PC" name="TestNG.P12" tests="1" failures="0" timestamp="26 Jul 2019 16:25:11 GMT" time="51.468" errors="0">
  <testcase name="acti" time="51.468" classname="TestNG.P12"/>
</testsuite> <!-- TestNG.P12 -->
